{"numTotalTestSuites":23,"numPassedTestSuites":8,"numFailedTestSuites":15,"numPendingTestSuites":0,"numTotalTests":38,"numPassedTests":24,"numFailedTests":14,"numPendingTests":0,"numTodoTests":0,"snapshot":{"added":0,"failure":false,"filesAdded":0,"filesRemoved":0,"filesRemovedList":[],"filesUnmatched":0,"filesUpdated":0,"matched":0,"total":0,"unchecked":0,"uncheckedKeysByFile":[],"unmatched":0,"updated":0,"didUpdate":false},"startTime":1788971638369,"success":false,"testResults":[{"assertionResults":[{"ancestorTitles":["ActionsMenu Component","Rendering"],"fullName":"ActionsMenu Component Rendering should render actions menu for authenticated user","status":"failed","title":"should render actions menu for authenticated user","duration":5.02035799999976,"failureMessages":["Error: act(...) is not supported in production builds of React.\n    at X (/home/runner/workspace/node_modules/react/cjs/react.production.min.js:19:136)\n    at /home/runner/workspace/node_modules/@testing-library/react/dist/act-compat.js:47:25\n    at renderRoot (/home/runner/workspace/node_modules/@testing-library/react/dist/pure.js:190:26)\n    at Proxy.render (/home/runner/workspace/node_modules/@testing-library/react/dist/pure.js:292:10)\n    at /home/runner/workspace/client/src/components/__tests__/ActionsMenu.test.tsx:34:7\n    at file:///home/runner/workspace/node_modules/@vitest/runner/dist/chunk-hooks.js:155:11\n    at file:///home/runner/workspace/node_modules/@vitest/runner/dist/chunk-hooks.js:752:26\n    at file:///home/runner/workspace/node_modules/@vitest/runner/dist/chunk-hooks.js:1897:20\n    at new Promise (<anonymous>)\n    at runWithTimeout (file:///home/runner/workspace/node_modules/@vitest/runner/dist/chunk-hooks.js:1863:10)","Error: act(...) is not supported in production builds of React.\n    at X (/home/runner/workspace/node_modules/react/cjs/react.production.min.js:19:136)\n    at /home/runner/workspace/node_modules/@testing-library/react/dist/act-compat.js:47:25\n    at /home/runner/workspace/node_modules/@testing-library/react/dist/pure.js:307:28\n    at Array.forEach (<anonymous>)\n    at Proxy.cleanup (/home/runner/workspace/node_modules/@testing-library/react/dist/pure.js:303:22)\n    at /home/runner/workspace/client/src/test/setup.ts:12:3\n    at file:///home/runner/workspace/node_modules/@vitest/runner/dist/chunk-hooks.js:155:11\n    at file:///home/runner/workspace/node_modules/@vitest/runner/dist/chunk-hooks.js:1897:20\n    at new Promise (<anonymous>)\n    at runWithTimeout (file:///home/runner/workspace/node_modules/@vitest/runner/dist/chunk-hooks.js:1863:10)"],"meta":{}},{"ancestorTitles":["ActionsMenu Component","Rendering"],"fullName":"ActionsMenu Component Rendering should show correct actions for trip organizer","status":"failed","title":"should show correct actions for trip organizer","duration":1.6649530000004233,"failureMessages":["Error: act(...) is not supported in production builds of React.\n    at X (/home/runner/workspace/node_modules/react/cjs/react.production.min.js:19:136)\n    at /home/runner/workspace/node_modules/@testing-library/react/dist/act-compat.js:47:25\n    at renderRoot (/home/runner/workspace/node_modules/@testing-library/react/dist/pure.js:190:26)\n    at Proxy.render (/home/runner/workspace/node_modules/@testing-library/react/dist/pure.js:292:10)\n    at /home/runner/workspace/client/src/components/__tests__/ActionsMenu.test.tsx:41:7\n    at file:///home/runner/workspace/node_modules/@vitest/runner/dist/chunk-hooks.js:155:11\n    at file:///home/runner/workspace/node_modules/@vitest/runner/dist/chunk-hooks.js:752:26\n    at file:///home/runner/workspace/node_modules/@vitest/runner/dist/chunk-hooks.js:1897:20\n    at new Promise (<anonymous>)\n    at runWithTimeout (file:///home/runner/workspace/node_modules/@vitest/runner/dist/chunk-hooks.js:1863:10)","Error: act(...) is not supported in production builds of React.\n    at X (/home/runner/workspace/node_modules/react/cjs/react.production.min.js:19:136)\n    at /home/runner/workspace/node_modules/@testing-library/react/dist/act-compat.js:47:25\n    at /home/runner/workspace/node_modules/@testing-library/react/dist/pure.js:307:28\n    at Array.forEach (<anonymous>)\n    at Proxy.cleanup (/home/runner/workspace/node_modules/@testing-library/react/dist/pure.js:303:22)\n    at /home/runner/workspace/client/src/test/setup.ts:12:3\n    at file:///home/runner/workspace/node_modules/@vitest/runner/dist/chunk-hooks.js:155:11\n    at file:///home/runner/workspace/node_modules/@vitest/runner/dist/chunk-hooks.js:1897:20\n    at new Promise (<anonymous>)\n    at runWithTimeout (file:///home/runner/workspace/node_modules/@vitest/runner/dist/chunk-hooks.js:1863:10)"],"meta":{}},{"ancestorTitles":["ActionsMenu Component","Rendering"],"fullName":"ActionsMenu Component Rendering should show different actions for non-organizer","status":"failed","title":"should show different actions for non-organizer","duration":1.1754839999994147,"failureMessages":["Error: act(...) is not supported in production builds of React.\n    at X (/home/runner/workspace/node_modules/react/cjs/react.production.min.js:19:136)\n    at /home/runner/workspace/node_modules/@testing-library/react/dist/act-compat.js:47:25\n    at renderRoot (/home/runner/workspace/node_modules/@testing-library/react/dist/pure.js:190:26)\n    at Proxy.render (/home/runner/workspace/node_modules/@testing-library/react/dist/pure.js:292:10)\n    at /home/runner/workspace/client/src/components/__tests__/ActionsMenu.test.tsx:51:7\n    at file:///home/runner/workspace/node_modules/@vitest/runner/dist/chunk-hooks.js:155:11\n    at file:///home/runner/workspace/node_modules/@vitest/runner/dist/chunk-hooks.js:752:26\n    at file:///home/runner/workspace/node_modules/@vitest/runner/dist/chunk-hooks.js:1897:20\n    at new Promise (<anonymous>)\n    at runWithTimeout (file:///home/runner/workspace/node_modules/@vitest/runner/dist/chunk-hooks.js:1863:10)","Error: act(...) is not supported in production builds of React.\n    at X (/home/runner/workspace/node_modules/react/cjs/react.production.min.js:19:136)\n    at /home/runner/workspace/node_modules/@testing-library/react/dist/act-compat.js:47:25\n    at /home/runner/workspace/node_modules/@testing-library/react/dist/pure.js:307:28\n    at Array.forEach (<anonymous>)\n    at Proxy.cleanup (/home/runner/workspace/node_modules/@testing-library/react/dist/pure.js:303:22)\n    at /home/runner/workspace/client/src/test/setup.ts:12:3\n    at file:///home/runner/workspace/node_modules/@vitest/runner/dist/chunk-hooks.js:155:11\n    at file:///home/runner/workspace/node_modules/@vitest/runner/dist/chunk-hooks.js:1897:20\n    at new Promise (<anonymous>)\n    at runWithTimeout (file:///home/runner/workspace/node_modules/@vitest/runner/dist/chunk-hooks.js:1863:10)"],"meta":{}},{"ancestorTitles":["ActionsMenu Component","User Interactions"],"fullName":"ActionsMenu Component User Interactions should handle pin/unpin action","status":"failed","title":"should handle pin/unpin action","duration":1.1094079999993482,"failureMessages":["Error: act(...) is not supported in production builds of React.\n    at X (/home/runner/workspace/node_modules/react/cjs/react.production.min.js:19:136)\n    at /home/runner/workspace/node_modules/@testing-library/react/dist/act-compat.js:47:25\n    at renderRoot (/home/runner/workspace/node_modules/@testing-library/react/dist/pure.js:190:26)\n    at Proxy.render (/home/runner/workspace/node_modules/@testing-library/react/dist/pure.js:292:10)\n    at /home/runner/workspace/client/src/components/__tests__/ActionsMenu.test.tsx:64:7\n    at file:///home/runner/workspace/node_modules/@vitest/runner/dist/chunk-hooks.js:155:11\n    at file:///home/runner/workspace/node_modules/@vitest/runner/dist/chunk-hooks.js:752:26\n    at file:///home/runner/workspace/node_modules/@vitest/runner/dist/chunk-hooks.js:1897:20\n    at new Promise (<anonymous>)\n    at runWithTimeout (file:///home/runner/workspace/node_modules/@vitest/runner/dist/chunk-hooks.js:1863:10)","Error: act(...) is not supported in production builds of React.\n    at X (/home/runner/workspace/node_modules/react/cjs/react.production.min.js:19:136)\n    at /home/runner/workspace/node_modules/@testing-library/react/dist/act-compat.js:47:25\n    at /home/runner/workspace/node_modules/@testing-library/react/dist/pure.js:307:28\n    at Array.forEach (<anonymous>)\n    at Proxy.cleanup (/home/runner/workspace/node_modules/@testing-library/react/dist/pure.js:303:22)\n    at /home/runner/workspace/client/src/test/setup.ts:12:3\n    at file:///home/runner/workspace/node_modules/@vitest/runner/dist/chunk-hooks.js:155:11\n    at file:///home/runner/workspace/node_modules/@vitest/runner/dist/chunk-hooks.js:1897:20\n    at new Promise (<anonymous>)\n    at runWithTimeout (file:///home/runner/workspace/node_modules/@vitest/runner/dist/chunk-hooks.js:1863:10)"],"meta":{}},{"ancestorTitles":["ActionsMenu Component","User Interactions"],"fullName":"ActionsMenu Component User Interactions should handle share action","status":"failed","title":"should handle share action","duration":1.3484910000006494,"failureMessages":["Error: act(...) is not supported in production builds of React.\n    at X (/home/runner/workspace/node_modules/react/cjs/react.production.min.js:19:136)\n    at /home/runner/workspace/node_modules/@testing-library/react/dist/act-compat.js:47:25\n    at renderRoot (/home/runner/workspace/node_modules/@testing-library/react/dist/pure.js:190:26)\n    at Proxy.render (/home/runner/workspace/node_modules/@testing-library/react/dist/pure.js:292:10)\n    at /home/runner/workspace/client/src/components/__tests__/ActionsMenu.test.tsx:87:7\n    at file:///home/runner/workspace/node_modules/@vitest/runner/dist/chunk-hooks.js:155:11\n    at file:///home/runner/workspace/node_modules/@vitest/runner/dist/chunk-hooks.js:752:26\n    at file:///home/runner/workspace/node_modules/@vitest/runner/dist/chunk-hooks.js:1897:20\n    at new Promise (<anonymous>)\n    at runWithTimeout (file:///home/runner/workspace/node_modules/@vitest/runner/dist/chunk-hooks.js:1863:10)","Error: act(...) is not supported in production builds of React.\n    at X (/home/runner/workspace/node_modules/react/cjs/react.production.min.js:19:136)\n    at /home/runner/workspace/node_modules/@testing-library/react/dist/act-compat.js:47:25\n    at /home/runner/workspace/node_modules/@testing-library/react/dist/pure.js:307:28\n    at Array.forEach (<anonymous>)\n    at Proxy.cleanup (/home/runner/workspace/node_modules/@testing-library/react/dist/pure.js:303:22)\n    at /home/runner/workspace/client/src/test/setup.ts:12:3\n    at file:///home/runner/workspace/node_modules/@vitest/runner/dist/chunk-hooks.js:155:11\n    at file:///home/runner/workspace/node_modules/@vitest/runner/dist/chunk-hooks.js:1897:20\n    at new Promise (<anonymous>)\n    at runWithTimeout (file:///home/runner/workspace/node_modules/@vitest/runner/dist/chunk-hooks.js:1863:10)"],"meta":{}},{"ancestorTitles":["ActionsMenu Component","Error Handling"],"fullName":"ActionsMenu Component Error Handling should handle API errors gracefully","status":"failed","title":"should handle API errors gracefully","duration":1.1926779999994324,"failureMessages":["Error: act(...) is not supported in production builds of React.\n    at X (/home/runner/workspace/node_modules/react/cjs/react.production.min.js:19:136)\n    at /home/runner/workspace/node_modules/@testing-library/react/dist/act-compat.js:47:25\n    at renderRoot (/home/runner/workspace/node_modules/@testing-library/react/dist/pure.js:190:26)\n    at Proxy.render (/home/runner/workspace/node_modules/@testing-library/react/dist/pure.js:292:10)\n    at /home/runner/workspace/client/src/components/__tests__/ActionsMenu.test.tsx:103:7\n    at file:///home/runner/workspace/node_modules/@vitest/runner/dist/chunk-hooks.js:155:11\n    at file:///home/runner/workspace/node_modules/@vitest/runner/dist/chunk-hooks.js:752:26\n    at file:///home/runner/workspace/node_modules/@vitest/runner/dist/chunk-hooks.js:1897:20\n    at new Promise (<anonymous>)\n    at runWithTimeout (file:///home/runner/workspace/node_modules/@vitest/runner/dist/chunk-hooks.js:1863:10)","Error: act(...) is not supported in production builds of React.\n    at X (/home/runner/workspace/node_modules/react/cjs/react.production.min.js:19:136)\n    at /home/runner/workspace/node_modules/@testing-library/react/dist/act-compat.js:47:25\n    at /home/runner/workspace/node_modules/@testing-library/react/dist/pure.js:307:28\n    at Array.forEach (<anonymous>)\n    at Proxy.cleanup (/home/runner/workspace/node_modules/@testing-library/react/dist/pure.js:303:22)\n    at /home/runner/workspace/client/src/test/setup.ts:12:3\n    at file:///home/runner/workspace/node_modules/@vitest/runner/dist/chunk-hooks.js:155:11\n    at file:///home/runner/workspace/node_modules/@vitest/runner/dist/chunk-hooks.js:1897:20\n    at new Promise (<anonymous>)\n    at runWithTimeout (file:///home/runner/workspace/node_modules/@vitest/runner/dist/chunk-hooks.js:1863:10)"],"meta":{}},{"ancestorTitles":["ActionsMenu Component","Accessibility"],"fullName":"ActionsMenu Component Accessibility should have proper ARIA attributes","status":"failed","title":"should have proper ARIA attributes","duration":1.0217510000002221,"failureMessages":["Error: act(...) is not supported in production builds of React.\n    at X (/home/runner/workspace/node_modules/react/cjs/react.production.min.js:19:136)\n    at /home/runner/workspace/node_modules/@testing-library/react/dist/act-compat.js:47:25\n    at renderRoot (/home/runner/workspace/node_modules/@testing-library/react/dist/pure.js:190:26)\n    at Proxy.render (/home/runner/workspace/node_modules/@testing-library/react/dist/pure.js:292:10)\n    at /home/runner/workspace/client/src/components/__tests__/ActionsMenu.test.tsx:118:7\n    at file:///home/runner/workspace/node_modules/@vitest/runner/dist/chunk-hooks.js:155:11\n    at file:///home/runner/workspace/node_modules/@vitest/runner/dist/chunk-hooks.js:752:26\n    at file:///home/runner/workspace/node_modules/@vitest/runner/dist/chunk-hooks.js:1897:20\n    at new Promise (<anonymous>)\n    at runWithTimeout (file:///home/runner/workspace/node_modules/@vitest/runner/dist/chunk-hooks.js:1863:10)","Error: act(...) is not supported in production builds of React.\n    at X (/home/runner/workspace/node_modules/react/cjs/react.production.min.js:19:136)\n    at /home/runner/workspace/node_modules/@testing-library/react/dist/act-compat.js:47:25\n    at /home/runner/workspace/node_modules/@testing-library/react/dist/pure.js:307:28\n    at Array.forEach (<anonymous>)\n    at Proxy.cleanup (/home/runner/workspace/node_modules/@testing-library/react/dist/pure.js:303:22)\n    at /home/runner/workspace/client/src/test/setup.ts:12:3\n    at file:///home/runner/workspace/node_modules/@vitest/runner/dist/chunk-hooks.js:155:11\n    at file:///home/runner/workspace/node_modules/@vitest/runner/dist/chunk-hooks.js:1897:20\n    at new Promise (<anonymous>)\n    at runWithTimeout (file:///home/runner/workspace/node_modules/@vitest/runner/dist/chunk-hooks.js:1863:10)"],"meta":{}},{"ancestorTitles":["ActionsMenu Component","Accessibility"],"fullName":"ActionsMenu Component Accessibility should support keyboard navigation","status":"failed","title":"should support keyboard navigation","duration":1.0702840000003562,"failureMessages":["Error: act(...) is not supported in production builds of React.\n    at X (/home/runner/workspace/node_modules/react/cjs/react.production.min.js:19:136)\n    at /home/runner/workspace/node_modules/@testing-library/react/dist/act-compat.js:47:25\n    at renderRoot (/home/runner/workspace/node_modules/@testing-library/react/dist/pure.js:190:26)\n    at Proxy.render (/home/runner/workspace/node_modules/@testing-library/react/dist/pure.js:292:10)\n    at /home/runner/workspace/client/src/components/__tests__/ActionsMenu.test.tsx:126:7\n    at file:///home/runner/workspace/node_modules/@vitest/runner/dist/chunk-hooks.js:155:11\n    at file:///home/runner/workspace/node_modules/@vitest/runner/dist/chunk-hooks.js:752:26\n    at file:///home/runner/workspace/node_modules/@vitest/runner/dist/chunk-hooks.js:1897:20\n    at new Promise (<anonymous>)\n    at runWithTimeout (file:///home/runner/workspace/node_modules/@vitest/runner/dist/chunk-hooks.js:1863:10)","Error: act(...) is not supported in production builds of React.\n    at X (/home/runner/workspace/node_modules/react/cjs/react.production.min.js:19:136)\n    at /home/runner/workspace/node_modules/@testing-library/react/dist/act-compat.js:47:25\n    at /home/runner/workspace/node_modules/@testing-library/react/dist/pure.js:307:28\n    at Array.forEach (<anonymous>)\n    at Proxy.cleanup (/home/runner/workspace/node_modules/@testing-library/react/dist/pure.js:303:22)\n    at /home/runner/workspace/client/src/test/setup.ts:12:3\n    at file:///home/runner/workspace/node_modules/@vitest/runner/dist/chunk-hooks.js:155:11\n    at file:///home/runner/workspace/node_modules/@vitest/runner/dist/chunk-hooks.js:1897:20\n    at new Promise (<anonymous>)\n    at runWithTimeout (file:///home/runner/workspace/node_modules/@vitest/runner/dist/chunk-hooks.js:1863:10)"],"meta":{}},{"ancestorTitles":["ActionsMenu Component","Performance"],"fullName":"ActionsMenu Component Performance should not re-render unnecessarily","status":"failed","title":"should not re-render unnecessarily","duration":1.6485959999999977,"failureMessages":["Error: act(...) is not supported in production builds of React.\n    at X (/home/runner/workspace/node_modules/react/cjs/react.production.min.js:19:136)\n    at /home/runner/workspace/node_modules/@testing-library/react/dist/act-compat.js:47:25\n    at renderRoot (/home/runner/workspace/node_modules/@testing-library/react/dist/pure.js:190:26)\n    at Proxy.render (/home/runner/workspace/node_modules/@testing-library/react/dist/pure.js:292:10)\n    at /home/runner/workspace/client/src/components/__tests__/ActionsMenu.test.tsx:148:28\n    at file:///home/runner/workspace/node_modules/@vitest/runner/dist/chunk-hooks.js:155:11\n    at file:///home/runner/workspace/node_modules/@vitest/runner/dist/chunk-hooks.js:752:26\n    at file:///home/runner/workspace/node_modules/@vitest/runner/dist/chunk-hooks.js:1897:20\n    at new Promise (<anonymous>)\n    at runWithTimeout (file:///home/runner/workspace/node_modules/@vitest/runner/dist/chunk-hooks.js:1863:10)","Error: act(...) is not supported in production builds of React.\n    at X (/home/runner/workspace/node_modules/react/cjs/react.production.min.js:19:136)\n    at /home/runner/workspace/node_modules/@testing-library/react/dist/act-compat.js:47:25\n    at /home/runner/workspace/node_modules/@testing-library/react/dist/pure.js:307:28\n    at Array.forEach (<anonymous>)\n    at Proxy.cleanup (/home/runner/workspace/node_modules/@testing-library/react/dist/pure.js:303:22)\n    at /home/runner/workspace/client/src/test/setup.ts:12:3\n    at file:///home/runner/workspace/node_modules/@vitest/runner/dist/chunk-hooks.js:155:11\n    at file:///home/runner/workspace/node_modules/@vitest/runner/dist/chunk-hooks.js:1897:20\n    at new Promise (<anonymous>)\n    at runWithTimeout (file:///home/runner/workspace/node_modules/@vitest/runner/dist/chunk-hooks.js:1863:10)"],"meta":{}}],"startTime":1788971645037,"endTime":1788971645052.6487,"status":"failed","message":"","name":"/home/runner/workspace/client/src/components/__tests__/ActionsMenu.test.tsx"},{"assertionResults":[{"ancestorTitles":["Email Validation","validateEmail"],"fullName":"Email Validation validateEmail should accept valid email addresses","status":"passed","title":"should accept valid email addresses","duration":1.9075679999996282,"failureMessages":[],"meta":{}},{"ancestorTitles":["Email Validation","validateEmail"],"fullName":"Email Validation validateEmail should reject invalid email addresses","status":"failed","title":"should reject invalid email addresses","duration":10.761484999999993,"failureMessages":["AssertionError: expected true to be false // Object.is equality\n    at /home/runner/workspace/client/src/utils/__tests__/validation.test.ts:46:38\n    at Array.forEach (<anonymous>)\n    at /home/runner/workspace/client/src/utils/__tests__/validation.test.ts:45:21\n    at file:///home/runner/workspace/node_modules/@vitest/runner/dist/chunk-hooks.js:155:11\n    at file:///home/runner/workspace/node_modules/@vitest/runner/dist/chunk-hooks.js:752:26\n    at file:///home/runner/workspace/node_modules/@vitest/runner/dist/chunk-hooks.js:1897:20\n    at new Promise (<anonymous>)\n    at runWithTimeout (file:///home/runner/workspace/node_modules/@vitest/runner/dist/chunk-hooks.js:1863:10)\n    at runTest (file:///home/runner/workspace/node_modules/@vitest/runner/dist/chunk-hooks.js:1574:12)\n    at processTicksAndRejections (node:internal/process/task_queues:95:5)"],"meta":{}},{"ancestorTitles":["Email Validation","validateEmail"],"fullName":"Email Validation validateEmail should handle edge cases","status":"passed","title":"should handle edge cases","duration":0.7001200000004246,"failureMessages":[],"meta":{}},{"ancestorTitles":["Phone Number Validation","validateSriLankanPhone"],"fullName":"Phone Number Validation validateSriLankanPhone should accept valid Sri Lankan phone numbers","status":"failed","title":"should accept valid Sri Lankan phone numbers","duration":1.5267800000001444,"failureMessages":["AssertionError: expected false to be true // Object.is equality\n    at /home/runner/workspace/client/src/utils/__tests__/validation.test.ts:70:48\n    at Array.forEach (<anonymous>)\n    at /home/runner/workspace/client/src/utils/__tests__/validation.test.ts:69:20\n    at file:///home/runner/workspace/node_modules/@vitest/runner/dist/chunk-hooks.js:155:11\n    at file:///home/runner/workspace/node_modules/@vitest/runner/dist/chunk-hooks.js:752:26\n    at file:///home/runner/workspace/node_modules/@vitest/runner/dist/chunk-hooks.js:1897:20\n    at new Promise (<anonymous>)\n    at runWithTimeout (file:///home/runner/workspace/node_modules/@vitest/runner/dist/chunk-hooks.js:1863:10)\n    at runTest (file:///home/runner/workspace/node_modules/@vitest/runner/dist/chunk-hooks.js:1574:12)\n    at processTicksAndRejections (node:internal/process/task_queues:95:5)"],"meta":{}},{"ancestorTitles":["Phone Number Validation","validateSriLankanPhone"],"fullName":"Phone Number Validation validateSriLankanPhone should reject invalid phone numbers","status":"passed","title":"should reject invalid phone numbers","duration":0.5328600000002552,"failureMessages":[],"meta":{}},{"ancestorTitles":["Phone Number Validation","validateSriLankanPhone"],"fullName":"Phone Number Validation validateSriLankanPhone should normalize phone number formats","status":"passed","title":"should normalize phone number formats","duration":0.21555799999987357,"failureMessages":[],"meta":{}},{"ancestorTitles":["Phone Number Validation","validatePhoneNumber (generic)"],"fullName":"Phone Number Validation validatePhoneNumber (generic) should accept various international formats","status":"passed","title":"should accept various international formats","duration":0.3109999999996944,"failureMessages":[],"meta":{}},{"ancestorTitles":["Date Validation","validateTripDate"],"fullName":"Date Validation validateTripDate should accept future dates","status":"passed","title":"should accept future dates","duration":0.3240909999994983,"failureMessages":[],"meta":{}},{"ancestorTitles":["Date Validation","validateTripDate"],"fullName":"Date Validation validateTripDate should reject past dates","status":"passed","title":"should reject past dates","duration":0.20820499999990716,"failureMessages":[],"meta":{}},{"ancestorTitles":["Date Validation","validateTripDate"],"fullName":"Date Validation validateTripDate should handle today based on configuration","status":"passed","title":"should handle today based on configuration","duration":0.16423500000018976,"failureMessages":[],"meta":{}},{"ancestorTitles":["Date Validation","validateTripDate"],"fullName":"Date Validation validateTripDate should respect maximum advance booking limits","status":"passed","title":"should respect maximum advance booking limits","duration":0.14313200000015058,"failureMessages":[],"meta":{}},{"ancestorTitles":["Currency Formatting","formatCurrency"],"fullName":"Currency Formatting formatCurrency should format Sri Lankan Rupees correctly","status":"passed","title":"should format Sri Lankan Rupees correctly","duration":14.80152999999973,"failureMessages":[],"meta":{}},{"ancestorTitles":["Currency Formatting","formatCurrency"],"fullName":"Currency Formatting formatCurrency should format US Dollars correctly","status":"passed","title":"should format US Dollars correctly","duration":0.6668409999992946,"failureMessages":[],"meta":{}},{"ancestorTitles":["Currency Formatting","formatCurrency"],"fullName":"Currency Formatting formatCurrency should handle zero and negative amounts","status":"passed","title":"should handle zero and negative amounts","duration":0.36353999999937514,"failureMessages":[],"meta":{}},{"ancestorTitles":["Currency Formatting","formatCurrency"],"fullName":"Currency Formatting formatCurrency should handle decimal precision","status":"passed","title":"should handle decimal precision","duration":0.4671009999992748,"failureMessages":[],"meta":{}},{"ancestorTitles":["Currency Formatting","formatCurrency"],"fullName":"Currency Formatting formatCurrency should handle large numbers","status":"passed","title":"should handle large numbers","duration":0.26466399999935675,"failureMessages":[],"meta":{}},{"ancestorTitles":["Input Sanitization","sanitizeInput"],"fullName":"Input Sanitization sanitizeInput should remove dangerous HTML tags","status":"failed","title":"should remove dangerous HTML tags","duration":0.9590619999999035,"failureMessages":["AssertionError: expected 'alert(&quot;xss&quot;)' to be '' // Object.is equality\n    at /home/runner/workspace/client/src/utils/__tests__/validation.test.ts:194:62\n    at file:///home/runner/workspace/node_modules/@vitest/runner/dist/chunk-hooks.js:155:11\n    at file:///home/runner/workspace/node_modules/@vitest/runner/dist/chunk-hooks.js:752:26\n    at file:///home/runner/workspace/node_modules/@vitest/runner/dist/chunk-hooks.js:1897:20\n    at new Promise (<anonymous>)\n    at runWithTimeout (file:///home/runner/workspace/node_modules/@vitest/runner/dist/chunk-hooks.js:1863:10)\n    at runTest (file:///home/runner/workspace/node_modules/@vitest/runner/dist/chunk-hooks.js:1574:12)\n    at processTicksAndRejections (node:internal/process/task_queues:95:5)\n    at runSuite (file:///home/runner/workspace/node_modules/@vitest/runner/dist/chunk-hooks.js:1729:8)\n    at runSuite (file:///home/runner/workspace/node_modules/@vitest/runner/dist/chunk-hooks.js:1729:8)"],"meta":{}},{"ancestorTitles":["Input Sanitization","sanitizeInput"],"fullName":"Input Sanitization sanitizeInput should preserve safe content","status":"passed","title":"should preserve safe content","duration":0.20803199999954813,"failureMessages":[],"meta":{}},{"ancestorTitles":["Input Sanitization","sanitizeInput"],"fullName":"Input Sanitization sanitizeInput should handle empty and null inputs","status":"passed","title":"should handle empty and null inputs","duration":0.11925700000028883,"failureMessages":[],"meta":{}},{"ancestorTitles":["Input Sanitization","sanitizeInput"],"fullName":"Input Sanitization sanitizeInput should trim whitespace when configured","status":"passed","title":"should trim whitespace when configured","duration":0.17425099999945814,"failureMessages":[],"meta":{}},{"ancestorTitles":["Input Sanitization","sanitizeInput"],"fullName":"Input Sanitization sanitizeInput should handle special characters","status":"failed","title":"should handle special characters","duration":2.082322999999633,"failureMessages":["AssertionError: expected 'A  C' to be 'A &lt; B &gt; C' // Object.is equality\n    at /home/runner/workspace/client/src/utils/__tests__/validation.test.ts:219:42\n    at file:///home/runner/workspace/node_modules/@vitest/runner/dist/chunk-hooks.js:155:11\n    at file:///home/runner/workspace/node_modules/@vitest/runner/dist/chunk-hooks.js:752:26\n    at file:///home/runner/workspace/node_modules/@vitest/runner/dist/chunk-hooks.js:1897:20\n    at new Promise (<anonymous>)\n    at runWithTimeout (file:///home/runner/workspace/node_modules/@vitest/runner/dist/chunk-hooks.js:1863:10)\n    at runTest (file:///home/runner/workspace/node_modules/@vitest/runner/dist/chunk-hooks.js:1574:12)\n    at processTicksAndRejections (node:internal/process/task_queues:95:5)\n    at runSuite (file:///home/runner/workspace/node_modules/@vitest/runner/dist/chunk-hooks.js:1729:8)\n    at runSuite (file:///home/runner/workspace/node_modules/@vitest/runner/dist/chunk-hooks.js:1729:8)"],"meta":{}},{"ancestorTitles":["URL Validation","validateUrl"],"fullName":"URL Validation validateUrl should accept valid URLs","status":"passed","title":"should accept valid URLs","duration":2.6814039999999295,"failureMessages":[],"meta":{}},{"ancestorTitles":["URL Validation","validateUrl"],"fullName":"URL Validation validateUrl should reject invalid URLs","status":"passed","title":"should reject invalid URLs","duration":1.5322250000008353,"failureMessages":[],"meta":{}},{"ancestorTitles":["URL Validation","validateUrl"],"fullName":"URL Validation validateUrl should handle protocol requirements","status":"passed","title":"should handle protocol requirements","duration":0.6529820000005202,"failureMessages":[],"meta":{}},{"ancestorTitles":["URL Validation","validateUrl"],"fullName":"URL Validation validateUrl should validate against allowed domains","status":"passed","title":"should validate against allowed domains","duration":0.8954999999996289,"failureMessages":[],"meta":{}},{"ancestorTitles":["Integration Tests"],"fullName":"Integration Tests should validate complete trip form data","status":"passed","title":"should validate complete trip form data","duration":0.28439199999957054,"failureMessages":[],"meta":{}},{"ancestorTitles":["Integration Tests"],"fullName":"Integration Tests should handle complex validation scenarios","status":"failed","title":"should handle complex validation scenarios","duration":0.8332460000001447,"failureMessages":["AssertionError: expected 'alert(&quot;hack&quot;)John Doe' to be 'John Doe' // Object.is equality\n    at /home/runner/workspace/client/src/utils/__tests__/validation.test.ts:301:28\n    at file:///home/runner/workspace/node_modules/@vitest/runner/dist/chunk-hooks.js:155:11\n    at file:///home/runner/workspace/node_modules/@vitest/runner/dist/chunk-hooks.js:752:26\n    at file:///home/runner/workspace/node_modules/@vitest/runner/dist/chunk-hooks.js:1897:20\n    at new Promise (<anonymous>)\n    at runWithTimeout (file:///home/runner/workspace/node_modules/@vitest/runner/dist/chunk-hooks.js:1863:10)\n    at runTest (file:///home/runner/workspace/node_modules/@vitest/runner/dist/chunk-hooks.js:1574:12)\n    at processTicksAndRejections (node:internal/process/task_queues:95:5)\n    at runSuite (file:///home/runner/workspace/node_modules/@vitest/runner/dist/chunk-hooks.js:1729:8)\n    at runSuite (file:///home/runner/workspace/node_modules/@vitest/runner/dist/chunk-hooks.js:1729:8)"],"meta":{}},{"ancestorTitles":["Performance Tests"],"fullName":"Performance Tests should validate large datasets efficiently","status":"passed","title":"should validate large datasets efficiently","duration":0.6638199999997596,"failureMessages":[],"meta":{}},{"ancestorTitles":["Performance Tests"],"fullName":"Performance Tests should handle concurrent validation requests","status":"passed","title":"should handle concurrent validation requests","duration":0.78211199999987,"failureMessages":[],"meta":{}}],"startTime":1788971644482,"endTime":1788971644528.7822,"status":"failed","message":"","name":"/home/runner/workspace/client/src/utils/__tests__/validation.test.ts"}]}