{"numTotalTestSuites":2,"numPassedTestSuites":2,"numFailedTestSuites":0,"numPendingTestSuites":0,"numTotalTests":1,"numPassedTests":1,"numFailedTests":0,"numPendingTests":0,"numTodoTests":0,"snapshot":{"added":0,"failure":false,"filesAdded":0,"filesRemoved":0,"filesRemovedList":[],"filesUnmatched":0,"filesUpdated":0,"matched":0,"total":0,"unchecked":0,"uncheckedKeysByFile":[],"unmatched":0,"updated":0,"didUpdate":false},"startTime":1789025860602,"success":true,"testResults":[{"assertionResults":[{"ancestorTitles":["recommendation organizer contract"],"fullName":"recommendation organizer contract contains only public organizer fields","status":"passed","title":"contains only public organizer fields","duration":2.518353999999988,"failureMessages":[],"meta":{}}],"startTime":1789025861053,"endTime":1789025861055.5183,"status":"passed","message":"","name":"/home/runner/workspace/server/ml/__tests__/enhancedRecommendationService.test.ts"}]}